2025-10-17 16:55:59 +07:00: 
2025-10-17 16:55:59 +07:00: > craft-starter@0.1.0 start
2025-10-17 16:55:59 +07:00: > next start
2025-10-17 16:55:59 +07:00: 
2025-10-17 16:55:59 +07:00:   ▲ Next.js 14.2.32
2025-10-17 16:55:59 +07:00:   - Local:        http://localhost:3000
2025-10-17 16:55:59 +07:00: 
2025-10-17 16:55:59 +07:00:  ✓ Starting...
2025-10-17 16:55:59 +07:00: 
2025-10-17 16:55:59 +07:00: > craft-starter@0.1.0 start
2025-10-17 16:55:59 +07:00: > next start
2025-10-17 16:55:59 +07:00: 
2025-10-17 16:55:59 +07:00:   ▲ Next.js 14.2.32
2025-10-17 16:55:59 +07:00:   - Local:        http://localhost:3000
2025-10-17 16:55:59 +07:00: 
2025-10-17 16:55:59 +07:00:  ✓ Starting...
2025-10-17 16:55:59 +07:00: 
2025-10-17 16:55:59 +07:00: > craft-starter@0.1.0 start
2025-10-17 16:55:59 +07:00: > next start
2025-10-17 16:55:59 +07:00: 
2025-10-17 16:55:59 +07:00:   ▲ Next.js 14.2.32
2025-10-17 16:55:59 +07:00:   - Local:        http://localhost:3000
2025-10-17 16:55:59 +07:00: 
2025-10-17 16:55:59 +07:00:  ✓ Starting...
2025-10-17 16:55:59 +07:00: 
2025-10-17 16:55:59 +07:00: > craft-starter@0.1.0 start
2025-10-17 16:55:59 +07:00: > next start
2025-10-17 16:55:59 +07:00: 
2025-10-17 16:55:59 +07:00:   ▲ Next.js 14.2.32
2025-10-17 16:55:59 +07:00:   - Local:        http://localhost:3000
2025-10-17 16:55:59 +07:00: 
2025-10-17 16:55:59 +07:00:  ✓ Starting...
2025-10-17 16:55:59 +07:00: 
2025-10-17 16:55:59 +07:00: > craft-starter@0.1.0 start
2025-10-17 16:55:59 +07:00: > next start
2025-10-17 16:55:59 +07:00: 
2025-10-17 16:56:00 +07:00:   ▲ Next.js 14.2.32
2025-10-17 16:56:00 +07:00:   - Local:        http://localhost:3000
2025-10-17 16:56:00 +07:00: 
2025-10-17 16:56:00 +07:00:  ✓ Starting...
2025-10-17 16:56:00 +07:00: 
2025-10-17 16:56:00 +07:00: > craft-starter@0.1.0 start
2025-10-17 16:56:00 +07:00: > next start
2025-10-17 16:56:00 +07:00: 
2025-10-17 16:56:00 +07:00:   ▲ Next.js 14.2.32
2025-10-17 16:56:00 +07:00:   - Local:        http://localhost:3000
2025-10-17 16:56:00 +07:00: 
2025-10-17 16:56:00 +07:00:  ✓ Starting...
2025-10-17 16:56:00 +07:00: 
2025-10-17 16:56:00 +07:00: > craft-starter@0.1.0 start
2025-10-17 16:56:00 +07:00: > next start
2025-10-17 16:56:00 +07:00: 
2025-10-17 16:56:00 +07:00:   ▲ Next.js 14.2.32
2025-10-17 16:56:00 +07:00:   - Local:        http://localhost:3000
2025-10-17 16:56:00 +07:00: 
2025-10-17 16:56:00 +07:00:  ✓ Starting...
2025-10-17 16:56:00 +07:00: 
2025-10-17 16:56:00 +07:00: > craft-starter@0.1.0 start
2025-10-17 16:56:00 +07:00: > next start
2025-10-17 16:56:00 +07:00: 
2025-10-17 16:56:00 +07:00:   ▲ Next.js 14.2.32
2025-10-17 16:56:00 +07:00:   - Local:        http://localhost:3000
2025-10-17 16:56:00 +07:00: 
2025-10-17 16:56:00 +07:00:  ✓ Starting...
2025-10-17 16:56:00 +07:00: 
2025-10-17 16:56:00 +07:00: > craft-starter@0.1.0 start
2025-10-17 16:56:00 +07:00: > next start
2025-10-17 16:56:00 +07:00: 
2025-10-17 16:56:00 +07:00:   ▲ Next.js 14.2.32
2025-10-17 16:56:00 +07:00:   - Local:        http://localhost:3000
2025-10-17 16:56:00 +07:00: 
2025-10-17 16:56:00 +07:00:  ✓ Starting...
2025-10-17 16:56:00 +07:00: 
2025-10-17 16:56:00 +07:00: > craft-starter@0.1.0 start
2025-10-17 16:56:00 +07:00: > next start
2025-10-17 16:56:00 +07:00: 
2025-10-17 16:56:00 +07:00:   ▲ Next.js 14.2.32
2025-10-17 16:56:00 +07:00:   - Local:        http://localhost:3000
2025-10-17 16:56:00 +07:00: 
2025-10-17 16:56:00 +07:00:  ✓ Starting...
2025-10-17 17:22:23 +07:00: 
2025-10-17 17:22:23 +07:00: > craft-starter@0.1.0 start
2025-10-17 17:22:23 +07:00: > next start
2025-10-17 17:22:23 +07:00: 
2025-10-17 17:22:23 +07:00:   ▲ Next.js 14.2.32
2025-10-17 17:22:23 +07:00:   - Local:        http://localhost:3000
2025-10-17 17:22:23 +07:00: 
2025-10-17 17:22:23 +07:00:  ✓ Starting...
2025-10-17 17:22:23 +07:00: 
2025-10-17 17:22:23 +07:00: > craft-starter@0.1.0 start
2025-10-17 17:22:23 +07:00: > next start
2025-10-17 17:22:23 +07:00: 
2025-10-17 17:22:23 +07:00:   ▲ Next.js 14.2.32
2025-10-17 17:22:23 +07:00:   - Local:        http://localhost:3000
2025-10-17 17:22:23 +07:00: 
2025-10-17 17:22:23 +07:00:  ✓ Starting...
2025-10-17 17:22:23 +07:00: 
2025-10-17 17:22:23 +07:00: > craft-starter@0.1.0 start
2025-10-17 17:22:23 +07:00: > next start
2025-10-17 17:22:23 +07:00: 
2025-10-17 17:22:23 +07:00:   ▲ Next.js 14.2.32
2025-10-17 17:22:23 +07:00:   - Local:        http://localhost:3000
2025-10-17 17:22:23 +07:00: 
2025-10-17 17:22:23 +07:00:  ✓ Starting...
2025-10-17 17:22:23 +07:00: 
2025-10-17 17:22:23 +07:00: > craft-starter@0.1.0 start
2025-10-17 17:22:23 +07:00: > next start
2025-10-17 17:22:23 +07:00: 
2025-10-17 17:22:23 +07:00:   ▲ Next.js 14.2.32
2025-10-17 17:22:23 +07:00:   - Local:        http://localhost:3000
2025-10-17 17:22:23 +07:00: 
2025-10-17 17:22:23 +07:00:  ✓ Starting...
2025-10-17 17:22:24 +07:00: 
2025-10-17 17:22:24 +07:00: > craft-starter@0.1.0 start
2025-10-17 17:22:24 +07:00: > next start
2025-10-17 17:22:24 +07:00: 
2025-10-17 17:22:24 +07:00:   ▲ Next.js 14.2.32
2025-10-17 17:22:24 +07:00:   - Local:        http://localhost:3000
2025-10-17 17:22:24 +07:00: 
2025-10-17 17:22:24 +07:00:  ✓ Starting...
2025-10-17 17:22:24 +07:00: 
2025-10-17 17:22:24 +07:00: > craft-starter@0.1.0 start
2025-10-17 17:22:24 +07:00: > next start
2025-10-17 17:22:24 +07:00: 
2025-10-17 17:22:24 +07:00:   ▲ Next.js 14.2.32
2025-10-17 17:22:24 +07:00:   - Local:        http://localhost:3000
2025-10-17 17:22:24 +07:00: 
2025-10-17 17:22:24 +07:00:  ✓ Starting...
2025-10-17 17:22:24 +07:00: 
2025-10-17 17:22:24 +07:00: > craft-starter@0.1.0 start
2025-10-17 17:22:24 +07:00: > next start
2025-10-17 17:22:24 +07:00: 
2025-10-17 17:22:24 +07:00:   ▲ Next.js 14.2.32
2025-10-17 17:22:24 +07:00:   - Local:        http://localhost:3000
2025-10-17 17:22:24 +07:00: 
2025-10-17 17:22:24 +07:00:  ✓ Starting...
2025-10-17 17:22:24 +07:00: 
2025-10-17 17:22:24 +07:00: > craft-starter@0.1.0 start
2025-10-17 17:22:24 +07:00: > next start
2025-10-17 17:22:24 +07:00: 
2025-10-17 17:22:24 +07:00:   ▲ Next.js 14.2.32
2025-10-17 17:22:24 +07:00:   - Local:        http://localhost:3000
2025-10-17 17:22:24 +07:00: 
2025-10-17 17:22:24 +07:00:  ✓ Starting...
2025-10-17 17:22:24 +07:00: 
2025-10-17 17:22:24 +07:00: > craft-starter@0.1.0 start
2025-10-17 17:22:24 +07:00: > next start
2025-10-17 17:22:24 +07:00: 
2025-10-17 17:22:25 +07:00:   ▲ Next.js 14.2.32
2025-10-17 17:22:25 +07:00:   - Local:        http://localhost:3000
2025-10-17 17:22:25 +07:00: 
2025-10-17 17:22:25 +07:00:  ✓ Starting...
2025-10-17 17:22:25 +07:00: 
2025-10-17 17:22:25 +07:00: > craft-starter@0.1.0 start
2025-10-17 17:22:25 +07:00: > next start
2025-10-17 17:22:25 +07:00: 
2025-10-17 17:22:25 +07:00:   ▲ Next.js 14.2.32
2025-10-17 17:22:25 +07:00:   - Local:        http://localhost:3000
2025-10-17 17:22:25 +07:00: 
2025-10-17 17:22:25 +07:00:  ✓ Starting...
2025-10-17 17:22:59 +07:00: 
2025-10-17 17:22:59 +07:00: > craft-starter@0.1.0 start
2025-10-17 17:22:59 +07:00: > next start
2025-10-17 17:22:59 +07:00: 
2025-10-17 17:23:00 +07:00:   ▲ Next.js 14.2.32
2025-10-17 17:23:00 +07:00:   - Local:        http://localhost:3000
2025-10-17 17:23:00 +07:00: 
2025-10-17 17:23:00 +07:00:  ✓ Starting...
2025-10-17 17:23:00 +07:00: 
2025-10-17 17:23:00 +07:00: > craft-starter@0.1.0 start
2025-10-17 17:23:00 +07:00: > next start
2025-10-17 17:23:00 +07:00: 
2025-10-17 17:23:00 +07:00:   ▲ Next.js 14.2.32
2025-10-17 17:23:00 +07:00:   - Local:        http://localhost:3000
2025-10-17 17:23:00 +07:00: 
2025-10-17 17:23:00 +07:00:  ✓ Starting...
2025-10-17 17:23:00 +07:00: 
2025-10-17 17:23:00 +07:00: > craft-starter@0.1.0 start
2025-10-17 17:23:00 +07:00: > next start
2025-10-17 17:23:00 +07:00: 
2025-10-17 17:23:00 +07:00:   ▲ Next.js 14.2.32
2025-10-17 17:23:00 +07:00:   - Local:        http://localhost:3000
2025-10-17 17:23:00 +07:00: 
2025-10-17 17:23:00 +07:00:  ✓ Starting...
2025-10-17 17:23:00 +07:00: 
2025-10-17 17:23:00 +07:00: > craft-starter@0.1.0 start
2025-10-17 17:23:00 +07:00: > next start
2025-10-17 17:23:00 +07:00: 
2025-10-17 17:23:00 +07:00:   ▲ Next.js 14.2.32
2025-10-17 17:23:00 +07:00:   - Local:        http://localhost:3000
2025-10-17 17:23:00 +07:00: 
2025-10-17 17:23:00 +07:00:  ✓ Starting...
2025-10-17 17:23:00 +07:00: 
2025-10-17 17:23:00 +07:00: > craft-starter@0.1.0 start
2025-10-17 17:23:00 +07:00: > next start
2025-10-17 17:23:00 +07:00: 
2025-10-17 17:23:00 +07:00:   ▲ Next.js 14.2.32
2025-10-17 17:23:00 +07:00:   - Local:        http://localhost:3000
2025-10-17 17:23:00 +07:00: 
2025-10-17 17:23:00 +07:00:  ✓ Starting...
2025-10-17 17:23:00 +07:00: 
2025-10-17 17:23:00 +07:00: > craft-starter@0.1.0 start
2025-10-17 17:23:00 +07:00: > next start
2025-10-17 17:23:00 +07:00: 
2025-10-17 17:23:01 +07:00:   ▲ Next.js 14.2.32
2025-10-17 17:23:01 +07:00:   - Local:        http://localhost:3000
2025-10-17 17:23:01 +07:00: 
2025-10-17 17:23:01 +07:00:  ✓ Starting...
2025-10-17 17:23:01 +07:00: 
2025-10-17 17:23:01 +07:00: > craft-starter@0.1.0 start
2025-10-17 17:23:01 +07:00: > next start
2025-10-17 17:23:01 +07:00: 
2025-10-17 17:23:01 +07:00:   ▲ Next.js 14.2.32
2025-10-17 17:23:01 +07:00:   - Local:        http://localhost:3000
2025-10-17 17:23:01 +07:00: 
2025-10-17 17:23:01 +07:00:  ✓ Starting...
2025-10-17 17:23:01 +07:00: 
2025-10-17 17:23:01 +07:00: > craft-starter@0.1.0 start
2025-10-17 17:23:01 +07:00: > next start
2025-10-17 17:23:01 +07:00: 
2025-10-17 17:23:01 +07:00:   ▲ Next.js 14.2.32
2025-10-17 17:23:01 +07:00:   - Local:        http://localhost:3000
2025-10-17 17:23:01 +07:00: 
2025-10-17 17:23:01 +07:00:  ✓ Starting...
2025-10-17 17:23:01 +07:00: 
2025-10-17 17:23:01 +07:00: > craft-starter@0.1.0 start
2025-10-17 17:23:01 +07:00: > next start
2025-10-17 17:23:01 +07:00: 
2025-10-17 17:23:01 +07:00:   ▲ Next.js 14.2.32
2025-10-17 17:23:01 +07:00:   - Local:        http://localhost:3000
2025-10-17 17:23:01 +07:00: 
2025-10-17 17:23:01 +07:00:  ✓ Starting...
2025-10-17 17:23:01 +07:00: 
2025-10-17 17:23:01 +07:00: > craft-starter@0.1.0 start
2025-10-17 17:23:01 +07:00: > next start
2025-10-17 17:23:01 +07:00: 
2025-10-17 17:23:01 +07:00:   ▲ Next.js 14.2.32
2025-10-17 17:23:01 +07:00:   - Local:        http://localhost:3000
2025-10-17 17:23:01 +07:00: 
2025-10-17 17:23:01 +07:00:  ✓ Starting...
2025-10-17 17:24:01 +07:00: 
2025-10-17 17:24:01 +07:00: > craft-starter@0.1.0 start
2025-10-17 17:24:01 +07:00: > next start
2025-10-17 17:24:01 +07:00: 
2025-10-17 17:24:01 +07:00:   ▲ Next.js 14.2.32
2025-10-17 17:24:01 +07:00:   - Local:        http://localhost:3000
2025-10-17 17:24:01 +07:00: 
2025-10-17 17:24:01 +07:00:  ✓ Starting...
2025-10-17 17:24:01 +07:00: 
2025-10-17 17:24:01 +07:00: > craft-starter@0.1.0 start
2025-10-17 17:24:01 +07:00: > next start
2025-10-17 17:24:01 +07:00: 
2025-10-17 17:24:01 +07:00:   ▲ Next.js 14.2.32
2025-10-17 17:24:01 +07:00:   - Local:        http://localhost:3000
2025-10-17 17:24:01 +07:00: 
2025-10-17 17:24:01 +07:00:  ✓ Starting...
2025-10-17 17:24:01 +07:00: 
2025-10-17 17:24:01 +07:00: > craft-starter@0.1.0 start
2025-10-17 17:24:01 +07:00: > next start
2025-10-17 17:24:01 +07:00: 
2025-10-17 17:24:01 +07:00:   ▲ Next.js 14.2.32
2025-10-17 17:24:01 +07:00:   - Local:        http://localhost:3000
2025-10-17 17:24:01 +07:00: 
2025-10-17 17:24:01 +07:00:  ✓ Starting...
2025-10-17 17:24:01 +07:00: 
2025-10-17 17:24:01 +07:00: > craft-starter@0.1.0 start
2025-10-17 17:24:01 +07:00: > next start
2025-10-17 17:24:01 +07:00: 
2025-10-17 17:24:01 +07:00:   ▲ Next.js 14.2.32
2025-10-17 17:24:01 +07:00:   - Local:        http://localhost:3000
2025-10-17 17:24:01 +07:00: 
2025-10-17 17:24:01 +07:00:  ✓ Starting...
2025-10-17 17:24:01 +07:00: 
2025-10-17 17:24:01 +07:00: > craft-starter@0.1.0 start
2025-10-17 17:24:01 +07:00: > next start
2025-10-17 17:24:01 +07:00: 
2025-10-17 17:24:02 +07:00:   ▲ Next.js 14.2.32
2025-10-17 17:24:02 +07:00:   - Local:        http://localhost:3000
2025-10-17 17:24:02 +07:00: 
2025-10-17 17:24:02 +07:00:  ✓ Starting...
2025-10-17 17:24:02 +07:00: 
2025-10-17 17:24:02 +07:00: > craft-starter@0.1.0 start
2025-10-17 17:24:02 +07:00: > next start
2025-10-17 17:24:02 +07:00: 
2025-10-17 17:24:02 +07:00:   ▲ Next.js 14.2.32
2025-10-17 17:24:02 +07:00:   - Local:        http://localhost:3000
2025-10-17 17:24:02 +07:00: 
2025-10-17 17:24:02 +07:00:  ✓ Starting...
2025-10-17 17:24:02 +07:00: 
2025-10-17 17:24:02 +07:00: > craft-starter@0.1.0 start
2025-10-17 17:24:02 +07:00: > next start
2025-10-17 17:24:02 +07:00: 
2025-10-17 17:24:02 +07:00:   ▲ Next.js 14.2.32
2025-10-17 17:24:02 +07:00:   - Local:        http://localhost:3000
2025-10-17 17:24:02 +07:00: 
2025-10-17 17:24:02 +07:00:  ✓ Starting...
2025-10-17 17:24:02 +07:00: 
2025-10-17 17:24:02 +07:00: > craft-starter@0.1.0 start
2025-10-17 17:24:02 +07:00: > next start
2025-10-17 17:24:02 +07:00: 
2025-10-17 17:24:02 +07:00:   ▲ Next.js 14.2.32
2025-10-17 17:24:02 +07:00:   - Local:        http://localhost:3000
2025-10-17 17:24:02 +07:00: 
2025-10-17 17:24:02 +07:00:  ✓ Starting...
2025-10-17 17:24:02 +07:00: 
2025-10-17 17:24:02 +07:00: > craft-starter@0.1.0 start
2025-10-17 17:24:02 +07:00: > next start
2025-10-17 17:24:02 +07:00: 
2025-10-17 17:24:02 +07:00:   ▲ Next.js 14.2.32
2025-10-17 17:24:02 +07:00:   - Local:        http://localhost:3000
2025-10-17 17:24:02 +07:00: 
2025-10-17 17:24:02 +07:00:  ✓ Starting...
2025-10-17 17:24:02 +07:00: 
2025-10-17 17:24:02 +07:00: > craft-starter@0.1.0 start
2025-10-17 17:24:02 +07:00: > next start
2025-10-17 17:24:02 +07:00: 
2025-10-17 17:24:02 +07:00:   ▲ Next.js 14.2.32
2025-10-17 17:24:02 +07:00:   - Local:        http://localhost:3000
2025-10-17 17:24:02 +07:00: 
2025-10-17 17:24:02 +07:00:  ✓ Starting...
