2025-10-17 16:55:59 +07:00: Error: ENOENT: no such file or directory, open '/Users/congtrinh/fullconphung-main/conphung/.next/prerender-manifest.json'
2025-10-17 16:55:59 +07:00:     at async open (node:internal/fs/promises:641:25)
2025-10-17 16:55:59 +07:00:     at async Object.readFile (node:internal/fs/promises:1245:14)
2025-10-17 16:55:59 +07:00:     at async setupFsCheck (/Users/congtrinh/fullconphung-main/conphung/node_modules/next/dist/server/lib/router-utils/filesystem.js:188:40)
2025-10-17 16:55:59 +07:00:     at async initialize (/Users/congtrinh/fullconphung-main/conphung/node_modules/next/dist/server/lib/router-server.js:64:23)
2025-10-17 16:55:59 +07:00:     at async Server.<anonymous> (/Users/congtrinh/fullconphung-main/conphung/node_modules/next/dist/server/lib/start-server.js:249:36) {
2025-10-17 16:55:59 +07:00:   errno: -2,
2025-10-17 16:55:59 +07:00:   code: 'ENOENT',
2025-10-17 16:55:59 +07:00:   syscall: 'open',
2025-10-17 16:55:59 +07:00:   path: '/Users/congtrinh/fullconphung-main/conphung/.next/prerender-manifest.json'
2025-10-17 16:55:59 +07:00: }
2025-10-17 16:55:59 +07:00: Error: ENOENT: no such file or directory, open '/Users/congtrinh/fullconphung-main/conphung/.next/prerender-manifest.json'
2025-10-17 16:55:59 +07:00:     at async open (node:internal/fs/promises:641:25)
2025-10-17 16:55:59 +07:00:     at async Object.readFile (node:internal/fs/promises:1245:14)
2025-10-17 16:55:59 +07:00:     at async setupFsCheck (/Users/congtrinh/fullconphung-main/conphung/node_modules/next/dist/server/lib/router-utils/filesystem.js:188:40)
2025-10-17 16:55:59 +07:00:     at async initialize (/Users/congtrinh/fullconphung-main/conphung/node_modules/next/dist/server/lib/router-server.js:64:23)
2025-10-17 16:55:59 +07:00:     at async Server.<anonymous> (/Users/congtrinh/fullconphung-main/conphung/node_modules/next/dist/server/lib/start-server.js:249:36) {
2025-10-17 16:55:59 +07:00:   errno: -2,
2025-10-17 16:55:59 +07:00:   code: 'ENOENT',
2025-10-17 16:55:59 +07:00:   syscall: 'open',
2025-10-17 16:55:59 +07:00:   path: '/Users/congtrinh/fullconphung-main/conphung/.next/prerender-manifest.json'
2025-10-17 16:55:59 +07:00: }
2025-10-17 16:55:59 +07:00: Error: ENOENT: no such file or directory, open '/Users/congtrinh/fullconphung-main/conphung/.next/prerender-manifest.json'
2025-10-17 16:55:59 +07:00:     at async open (node:internal/fs/promises:641:25)
2025-10-17 16:55:59 +07:00:     at async Object.readFile (node:internal/fs/promises:1245:14)
2025-10-17 16:55:59 +07:00:     at async setupFsCheck (/Users/congtrinh/fullconphung-main/conphung/node_modules/next/dist/server/lib/router-utils/filesystem.js:188:40)
2025-10-17 16:55:59 +07:00:     at async initialize (/Users/congtrinh/fullconphung-main/conphung/node_modules/next/dist/server/lib/router-server.js:64:23)
2025-10-17 16:55:59 +07:00:     at async Server.<anonymous> (/Users/congtrinh/fullconphung-main/conphung/node_modules/next/dist/server/lib/start-server.js:249:36) {
2025-10-17 16:55:59 +07:00:   errno: -2,
2025-10-17 16:55:59 +07:00:   code: 'ENOENT',
2025-10-17 16:55:59 +07:00:   syscall: 'open',
2025-10-17 16:55:59 +07:00:   path: '/Users/congtrinh/fullconphung-main/conphung/.next/prerender-manifest.json'
2025-10-17 16:55:59 +07:00: }
2025-10-17 16:55:59 +07:00: Error: ENOENT: no such file or directory, open '/Users/congtrinh/fullconphung-main/conphung/.next/prerender-manifest.json'
2025-10-17 16:55:59 +07:00:     at async open (node:internal/fs/promises:641:25)
2025-10-17 16:55:59 +07:00:     at async Object.readFile (node:internal/fs/promises:1245:14)
2025-10-17 16:55:59 +07:00:     at async setupFsCheck (/Users/congtrinh/fullconphung-main/conphung/node_modules/next/dist/server/lib/router-utils/filesystem.js:188:40)
2025-10-17 16:55:59 +07:00:     at async initialize (/Users/congtrinh/fullconphung-main/conphung/node_modules/next/dist/server/lib/router-server.js:64:23)
2025-10-17 16:55:59 +07:00:     at async Server.<anonymous> (/Users/congtrinh/fullconphung-main/conphung/node_modules/next/dist/server/lib/start-server.js:249:36) {
2025-10-17 16:55:59 +07:00:   errno: -2,
2025-10-17 16:55:59 +07:00:   code: 'ENOENT',
2025-10-17 16:55:59 +07:00:   syscall: 'open',
2025-10-17 16:55:59 +07:00:   path: '/Users/congtrinh/fullconphung-main/conphung/.next/prerender-manifest.json'
2025-10-17 16:55:59 +07:00: }
2025-10-17 16:56:00 +07:00: Error: ENOENT: no such file or directory, open '/Users/congtrinh/fullconphung-main/conphung/.next/prerender-manifest.json'
2025-10-17 16:56:00 +07:00:     at async open (node:internal/fs/promises:641:25)
2025-10-17 16:56:00 +07:00:     at async Object.readFile (node:internal/fs/promises:1245:14)
2025-10-17 16:56:00 +07:00:     at async setupFsCheck (/Users/congtrinh/fullconphung-main/conphung/node_modules/next/dist/server/lib/router-utils/filesystem.js:188:40)
2025-10-17 16:56:00 +07:00:     at async initialize (/Users/congtrinh/fullconphung-main/conphung/node_modules/next/dist/server/lib/router-server.js:64:23)
2025-10-17 16:56:00 +07:00:     at async Server.<anonymous> (/Users/congtrinh/fullconphung-main/conphung/node_modules/next/dist/server/lib/start-server.js:249:36) {
2025-10-17 16:56:00 +07:00:   errno: -2,
2025-10-17 16:56:00 +07:00:   code: 'ENOENT',
2025-10-17 16:56:00 +07:00:   syscall: 'open',
2025-10-17 16:56:00 +07:00:   path: '/Users/congtrinh/fullconphung-main/conphung/.next/prerender-manifest.json'
2025-10-17 16:56:00 +07:00: }
2025-10-17 16:56:00 +07:00: Error: ENOENT: no such file or directory, open '/Users/congtrinh/fullconphung-main/conphung/.next/prerender-manifest.json'
2025-10-17 16:56:00 +07:00:     at async open (node:internal/fs/promises:641:25)
2025-10-17 16:56:00 +07:00:     at async Object.readFile (node:internal/fs/promises:1245:14)
2025-10-17 16:56:00 +07:00:     at async setupFsCheck (/Users/congtrinh/fullconphung-main/conphung/node_modules/next/dist/server/lib/router-utils/filesystem.js:188:40)
2025-10-17 16:56:00 +07:00:     at async initialize (/Users/congtrinh/fullconphung-main/conphung/node_modules/next/dist/server/lib/router-server.js:64:23)
2025-10-17 16:56:00 +07:00:     at async Server.<anonymous> (/Users/congtrinh/fullconphung-main/conphung/node_modules/next/dist/server/lib/start-server.js:249:36) {
2025-10-17 16:56:00 +07:00:   errno: -2,
2025-10-17 16:56:00 +07:00:   code: 'ENOENT',
2025-10-17 16:56:00 +07:00:   syscall: 'open',
2025-10-17 16:56:00 +07:00:   path: '/Users/congtrinh/fullconphung-main/conphung/.next/prerender-manifest.json'
2025-10-17 16:56:00 +07:00: }
2025-10-17 16:56:00 +07:00: Error: ENOENT: no such file or directory, open '/Users/congtrinh/fullconphung-main/conphung/.next/prerender-manifest.json'
2025-10-17 16:56:00 +07:00:     at async open (node:internal/fs/promises:641:25)
2025-10-17 16:56:00 +07:00:     at async Object.readFile (node:internal/fs/promises:1245:14)
2025-10-17 16:56:00 +07:00:     at async setupFsCheck (/Users/congtrinh/fullconphung-main/conphung/node_modules/next/dist/server/lib/router-utils/filesystem.js:188:40)
2025-10-17 16:56:00 +07:00:     at async initialize (/Users/congtrinh/fullconphung-main/conphung/node_modules/next/dist/server/lib/router-server.js:64:23)
2025-10-17 16:56:00 +07:00:     at async Server.<anonymous> (/Users/congtrinh/fullconphung-main/conphung/node_modules/next/dist/server/lib/start-server.js:249:36) {
2025-10-17 16:56:00 +07:00:   errno: -2,
2025-10-17 16:56:00 +07:00:   code: 'ENOENT',
2025-10-17 16:56:00 +07:00:   syscall: 'open',
2025-10-17 16:56:00 +07:00:   path: '/Users/congtrinh/fullconphung-main/conphung/.next/prerender-manifest.json'
2025-10-17 16:56:00 +07:00: }
2025-10-17 16:56:00 +07:00: Error: ENOENT: no such file or directory, open '/Users/congtrinh/fullconphung-main/conphung/.next/prerender-manifest.json'
2025-10-17 16:56:00 +07:00:     at async open (node:internal/fs/promises:641:25)
2025-10-17 16:56:00 +07:00:     at async Object.readFile (node:internal/fs/promises:1245:14)
2025-10-17 16:56:00 +07:00:     at async setupFsCheck (/Users/congtrinh/fullconphung-main/conphung/node_modules/next/dist/server/lib/router-utils/filesystem.js:188:40)
2025-10-17 16:56:00 +07:00:     at async initialize (/Users/congtrinh/fullconphung-main/conphung/node_modules/next/dist/server/lib/router-server.js:64:23)
2025-10-17 16:56:00 +07:00:     at async Server.<anonymous> (/Users/congtrinh/fullconphung-main/conphung/node_modules/next/dist/server/lib/start-server.js:249:36) {
2025-10-17 16:56:00 +07:00:   errno: -2,
2025-10-17 16:56:00 +07:00:   code: 'ENOENT',
2025-10-17 16:56:00 +07:00:   syscall: 'open',
2025-10-17 16:56:00 +07:00:   path: '/Users/congtrinh/fullconphung-main/conphung/.next/prerender-manifest.json'
2025-10-17 16:56:00 +07:00: }
2025-10-17 16:56:00 +07:00: Error: ENOENT: no such file or directory, open '/Users/congtrinh/fullconphung-main/conphung/.next/prerender-manifest.json'
2025-10-17 16:56:00 +07:00:     at async open (node:internal/fs/promises:641:25)
2025-10-17 16:56:00 +07:00:     at async Object.readFile (node:internal/fs/promises:1245:14)
2025-10-17 16:56:00 +07:00:     at async setupFsCheck (/Users/congtrinh/fullconphung-main/conphung/node_modules/next/dist/server/lib/router-utils/filesystem.js:188:40)
2025-10-17 16:56:00 +07:00:     at async initialize (/Users/congtrinh/fullconphung-main/conphung/node_modules/next/dist/server/lib/router-server.js:64:23)
2025-10-17 16:56:00 +07:00:     at async Server.<anonymous> (/Users/congtrinh/fullconphung-main/conphung/node_modules/next/dist/server/lib/start-server.js:249:36) {
2025-10-17 16:56:00 +07:00:   errno: -2,
2025-10-17 16:56:00 +07:00:   code: 'ENOENT',
2025-10-17 16:56:00 +07:00:   syscall: 'open',
2025-10-17 16:56:00 +07:00:   path: '/Users/congtrinh/fullconphung-main/conphung/.next/prerender-manifest.json'
2025-10-17 16:56:00 +07:00: }
2025-10-17 16:56:01 +07:00: Error: ENOENT: no such file or directory, open '/Users/congtrinh/fullconphung-main/conphung/.next/prerender-manifest.json'
2025-10-17 16:56:01 +07:00:     at async open (node:internal/fs/promises:641:25)
2025-10-17 16:56:01 +07:00:     at async Object.readFile (node:internal/fs/promises:1245:14)
2025-10-17 16:56:01 +07:00:     at async setupFsCheck (/Users/congtrinh/fullconphung-main/conphung/node_modules/next/dist/server/lib/router-utils/filesystem.js:188:40)
2025-10-17 16:56:01 +07:00:     at async initialize (/Users/congtrinh/fullconphung-main/conphung/node_modules/next/dist/server/lib/router-server.js:64:23)
2025-10-17 16:56:01 +07:00:     at async Server.<anonymous> (/Users/congtrinh/fullconphung-main/conphung/node_modules/next/dist/server/lib/start-server.js:249:36) {
2025-10-17 16:56:01 +07:00:   errno: -2,
2025-10-17 16:56:01 +07:00:   code: 'ENOENT',
2025-10-17 16:56:01 +07:00:   syscall: 'open',
2025-10-17 16:56:01 +07:00:   path: '/Users/congtrinh/fullconphung-main/conphung/.next/prerender-manifest.json'
2025-10-17 16:56:01 +07:00: }
2025-10-17 17:22:23 +07:00: Error: ENOENT: no such file or directory, open '/Users/congtrinh/fullconphung-main/conphung/.next/prerender-manifest.json'
2025-10-17 17:22:23 +07:00:     at async open (node:internal/fs/promises:641:25)
2025-10-17 17:22:23 +07:00:     at async Object.readFile (node:internal/fs/promises:1245:14)
2025-10-17 17:22:23 +07:00:     at async setupFsCheck (/Users/congtrinh/fullconphung-main/conphung/node_modules/next/dist/server/lib/router-utils/filesystem.js:188:40)
2025-10-17 17:22:23 +07:00:     at async initialize (/Users/congtrinh/fullconphung-main/conphung/node_modules/next/dist/server/lib/router-server.js:64:23)
2025-10-17 17:22:23 +07:00:     at async Server.<anonymous> (/Users/congtrinh/fullconphung-main/conphung/node_modules/next/dist/server/lib/start-server.js:249:36) {
2025-10-17 17:22:23 +07:00:   errno: -2,
2025-10-17 17:22:23 +07:00:   code: 'ENOENT',
2025-10-17 17:22:23 +07:00:   syscall: 'open',
2025-10-17 17:22:23 +07:00:   path: '/Users/congtrinh/fullconphung-main/conphung/.next/prerender-manifest.json'
2025-10-17 17:22:23 +07:00: }
2025-10-17 17:22:23 +07:00: Error: ENOENT: no such file or directory, open '/Users/congtrinh/fullconphung-main/conphung/.next/prerender-manifest.json'
2025-10-17 17:22:23 +07:00:     at async open (node:internal/fs/promises:641:25)
2025-10-17 17:22:23 +07:00:     at async Object.readFile (node:internal/fs/promises:1245:14)
2025-10-17 17:22:23 +07:00:     at async setupFsCheck (/Users/congtrinh/fullconphung-main/conphung/node_modules/next/dist/server/lib/router-utils/filesystem.js:188:40)
2025-10-17 17:22:23 +07:00:     at async initialize (/Users/congtrinh/fullconphung-main/conphung/node_modules/next/dist/server/lib/router-server.js:64:23)
2025-10-17 17:22:23 +07:00:     at async Server.<anonymous> (/Users/congtrinh/fullconphung-main/conphung/node_modules/next/dist/server/lib/start-server.js:249:36) {
2025-10-17 17:22:23 +07:00:   errno: -2,
2025-10-17 17:22:23 +07:00:   code: 'ENOENT',
2025-10-17 17:22:23 +07:00:   syscall: 'open',
2025-10-17 17:22:23 +07:00:   path: '/Users/congtrinh/fullconphung-main/conphung/.next/prerender-manifest.json'
2025-10-17 17:22:23 +07:00: }
2025-10-17 17:22:23 +07:00: Error: ENOENT: no such file or directory, open '/Users/congtrinh/fullconphung-main/conphung/.next/prerender-manifest.json'
2025-10-17 17:22:23 +07:00:     at async open (node:internal/fs/promises:641:25)
2025-10-17 17:22:23 +07:00:     at async Object.readFile (node:internal/fs/promises:1245:14)
2025-10-17 17:22:23 +07:00:     at async setupFsCheck (/Users/congtrinh/fullconphung-main/conphung/node_modules/next/dist/server/lib/router-utils/filesystem.js:188:40)
2025-10-17 17:22:23 +07:00:     at async initialize (/Users/congtrinh/fullconphung-main/conphung/node_modules/next/dist/server/lib/router-server.js:64:23)
2025-10-17 17:22:23 +07:00:     at async Server.<anonymous> (/Users/congtrinh/fullconphung-main/conphung/node_modules/next/dist/server/lib/start-server.js:249:36) {
2025-10-17 17:22:23 +07:00:   errno: -2,
2025-10-17 17:22:23 +07:00:   code: 'ENOENT',
2025-10-17 17:22:23 +07:00:   syscall: 'open',
2025-10-17 17:22:23 +07:00:   path: '/Users/congtrinh/fullconphung-main/conphung/.next/prerender-manifest.json'
2025-10-17 17:22:23 +07:00: }
2025-10-17 17:22:24 +07:00: Error: ENOENT: no such file or directory, open '/Users/congtrinh/fullconphung-main/conphung/.next/prerender-manifest.json'
2025-10-17 17:22:24 +07:00:     at async open (node:internal/fs/promises:641:25)
2025-10-17 17:22:24 +07:00:     at async Object.readFile (node:internal/fs/promises:1245:14)
2025-10-17 17:22:24 +07:00:     at async setupFsCheck (/Users/congtrinh/fullconphung-main/conphung/node_modules/next/dist/server/lib/router-utils/filesystem.js:188:40)
2025-10-17 17:22:24 +07:00:     at async initialize (/Users/congtrinh/fullconphung-main/conphung/node_modules/next/dist/server/lib/router-server.js:64:23)
2025-10-17 17:22:24 +07:00:     at async Server.<anonymous> (/Users/congtrinh/fullconphung-main/conphung/node_modules/next/dist/server/lib/start-server.js:249:36) {
2025-10-17 17:22:24 +07:00:   errno: -2,
2025-10-17 17:22:24 +07:00:   code: 'ENOENT',
2025-10-17 17:22:24 +07:00:   syscall: 'open',
2025-10-17 17:22:24 +07:00:   path: '/Users/congtrinh/fullconphung-main/conphung/.next/prerender-manifest.json'
2025-10-17 17:22:24 +07:00: }
2025-10-17 17:22:24 +07:00: Error: ENOENT: no such file or directory, open '/Users/congtrinh/fullconphung-main/conphung/.next/prerender-manifest.json'
2025-10-17 17:22:24 +07:00:     at async open (node:internal/fs/promises:641:25)
2025-10-17 17:22:24 +07:00:     at async Object.readFile (node:internal/fs/promises:1245:14)
2025-10-17 17:22:24 +07:00:     at async setupFsCheck (/Users/congtrinh/fullconphung-main/conphung/node_modules/next/dist/server/lib/router-utils/filesystem.js:188:40)
2025-10-17 17:22:24 +07:00:     at async initialize (/Users/congtrinh/fullconphung-main/conphung/node_modules/next/dist/server/lib/router-server.js:64:23)
2025-10-17 17:22:24 +07:00:     at async Server.<anonymous> (/Users/congtrinh/fullconphung-main/conphung/node_modules/next/dist/server/lib/start-server.js:249:36) {
2025-10-17 17:22:24 +07:00:   errno: -2,
2025-10-17 17:22:24 +07:00:   code: 'ENOENT',
2025-10-17 17:22:24 +07:00:   syscall: 'open',
2025-10-17 17:22:24 +07:00:   path: '/Users/congtrinh/fullconphung-main/conphung/.next/prerender-manifest.json'
2025-10-17 17:22:24 +07:00: }
2025-10-17 17:22:24 +07:00: Error: ENOENT: no such file or directory, open '/Users/congtrinh/fullconphung-main/conphung/.next/prerender-manifest.json'
2025-10-17 17:22:24 +07:00:     at async open (node:internal/fs/promises:641:25)
2025-10-17 17:22:24 +07:00:     at async Object.readFile (node:internal/fs/promises:1245:14)
2025-10-17 17:22:24 +07:00:     at async setupFsCheck (/Users/congtrinh/fullconphung-main/conphung/node_modules/next/dist/server/lib/router-utils/filesystem.js:188:40)
2025-10-17 17:22:24 +07:00:     at async initialize (/Users/congtrinh/fullconphung-main/conphung/node_modules/next/dist/server/lib/router-server.js:64:23)
2025-10-17 17:22:24 +07:00:     at async Server.<anonymous> (/Users/congtrinh/fullconphung-main/conphung/node_modules/next/dist/server/lib/start-server.js:249:36) {
2025-10-17 17:22:24 +07:00:   errno: -2,
2025-10-17 17:22:24 +07:00:   code: 'ENOENT',
2025-10-17 17:22:24 +07:00:   syscall: 'open',
2025-10-17 17:22:24 +07:00:   path: '/Users/congtrinh/fullconphung-main/conphung/.next/prerender-manifest.json'
2025-10-17 17:22:24 +07:00: }
2025-10-17 17:22:24 +07:00: Error: ENOENT: no such file or directory, open '/Users/congtrinh/fullconphung-main/conphung/.next/prerender-manifest.json'
2025-10-17 17:22:24 +07:00:     at async open (node:internal/fs/promises:641:25)
2025-10-17 17:22:24 +07:00:     at async Object.readFile (node:internal/fs/promises:1245:14)
2025-10-17 17:22:24 +07:00:     at async setupFsCheck (/Users/congtrinh/fullconphung-main/conphung/node_modules/next/dist/server/lib/router-utils/filesystem.js:188:40)
2025-10-17 17:22:24 +07:00:     at async initialize (/Users/congtrinh/fullconphung-main/conphung/node_modules/next/dist/server/lib/router-server.js:64:23)
2025-10-17 17:22:24 +07:00:     at async Server.<anonymous> (/Users/congtrinh/fullconphung-main/conphung/node_modules/next/dist/server/lib/start-server.js:249:36) {
2025-10-17 17:22:24 +07:00:   errno: -2,
2025-10-17 17:22:24 +07:00:   code: 'ENOENT',
2025-10-17 17:22:24 +07:00:   syscall: 'open',
2025-10-17 17:22:24 +07:00:   path: '/Users/congtrinh/fullconphung-main/conphung/.next/prerender-manifest.json'
2025-10-17 17:22:24 +07:00: }
2025-10-17 17:22:24 +07:00: Error: ENOENT: no such file or directory, open '/Users/congtrinh/fullconphung-main/conphung/.next/prerender-manifest.json'
2025-10-17 17:22:24 +07:00:     at async open (node:internal/fs/promises:641:25)
2025-10-17 17:22:24 +07:00:     at async Object.readFile (node:internal/fs/promises:1245:14)
2025-10-17 17:22:24 +07:00:     at async setupFsCheck (/Users/congtrinh/fullconphung-main/conphung/node_modules/next/dist/server/lib/router-utils/filesystem.js:188:40)
2025-10-17 17:22:24 +07:00:     at async initialize (/Users/congtrinh/fullconphung-main/conphung/node_modules/next/dist/server/lib/router-server.js:64:23)
2025-10-17 17:22:24 +07:00:     at async Server.<anonymous> (/Users/congtrinh/fullconphung-main/conphung/node_modules/next/dist/server/lib/start-server.js:249:36) {
2025-10-17 17:22:24 +07:00:   errno: -2,
2025-10-17 17:22:24 +07:00:   code: 'ENOENT',
2025-10-17 17:22:24 +07:00:   syscall: 'open',
2025-10-17 17:22:24 +07:00:   path: '/Users/congtrinh/fullconphung-main/conphung/.next/prerender-manifest.json'
2025-10-17 17:22:24 +07:00: }
2025-10-17 17:22:25 +07:00: Error: ENOENT: no such file or directory, open '/Users/congtrinh/fullconphung-main/conphung/.next/prerender-manifest.json'
2025-10-17 17:22:25 +07:00:     at async open (node:internal/fs/promises:641:25)
2025-10-17 17:22:25 +07:00:     at async Object.readFile (node:internal/fs/promises:1245:14)
2025-10-17 17:22:25 +07:00:     at async setupFsCheck (/Users/congtrinh/fullconphung-main/conphung/node_modules/next/dist/server/lib/router-utils/filesystem.js:188:40)
2025-10-17 17:22:25 +07:00:     at async initialize (/Users/congtrinh/fullconphung-main/conphung/node_modules/next/dist/server/lib/router-server.js:64:23)
2025-10-17 17:22:25 +07:00:     at async Server.<anonymous> (/Users/congtrinh/fullconphung-main/conphung/node_modules/next/dist/server/lib/start-server.js:249:36) {
2025-10-17 17:22:25 +07:00:   errno: -2,
2025-10-17 17:22:25 +07:00:   code: 'ENOENT',
2025-10-17 17:22:25 +07:00:   syscall: 'open',
2025-10-17 17:22:25 +07:00:   path: '/Users/congtrinh/fullconphung-main/conphung/.next/prerender-manifest.json'
2025-10-17 17:22:25 +07:00: }
2025-10-17 17:22:25 +07:00: Error: ENOENT: no such file or directory, open '/Users/congtrinh/fullconphung-main/conphung/.next/prerender-manifest.json'
2025-10-17 17:22:25 +07:00:     at async open (node:internal/fs/promises:641:25)
2025-10-17 17:22:25 +07:00:     at async Object.readFile (node:internal/fs/promises:1245:14)
2025-10-17 17:22:25 +07:00:     at async setupFsCheck (/Users/congtrinh/fullconphung-main/conphung/node_modules/next/dist/server/lib/router-utils/filesystem.js:188:40)
2025-10-17 17:22:25 +07:00:     at async initialize (/Users/congtrinh/fullconphung-main/conphung/node_modules/next/dist/server/lib/router-server.js:64:23)
2025-10-17 17:22:25 +07:00:     at async Server.<anonymous> (/Users/congtrinh/fullconphung-main/conphung/node_modules/next/dist/server/lib/start-server.js:249:36) {
2025-10-17 17:22:25 +07:00:   errno: -2,
2025-10-17 17:22:25 +07:00:   code: 'ENOENT',
2025-10-17 17:22:25 +07:00:   syscall: 'open',
2025-10-17 17:22:25 +07:00:   path: '/Users/congtrinh/fullconphung-main/conphung/.next/prerender-manifest.json'
2025-10-17 17:22:25 +07:00: }
2025-10-17 17:23:00 +07:00: Error: ENOENT: no such file or directory, open '/Users/congtrinh/fullconphung-main/conphung/.next/prerender-manifest.json'
2025-10-17 17:23:00 +07:00:     at async open (node:internal/fs/promises:641:25)
2025-10-17 17:23:00 +07:00:     at async Object.readFile (node:internal/fs/promises:1245:14)
2025-10-17 17:23:00 +07:00:     at async setupFsCheck (/Users/congtrinh/fullconphung-main/conphung/node_modules/next/dist/server/lib/router-utils/filesystem.js:188:40)
2025-10-17 17:23:00 +07:00:     at async initialize (/Users/congtrinh/fullconphung-main/conphung/node_modules/next/dist/server/lib/router-server.js:64:23)
2025-10-17 17:23:00 +07:00:     at async Server.<anonymous> (/Users/congtrinh/fullconphung-main/conphung/node_modules/next/dist/server/lib/start-server.js:249:36) {
2025-10-17 17:23:00 +07:00:   errno: -2,
2025-10-17 17:23:00 +07:00:   code: 'ENOENT',
2025-10-17 17:23:00 +07:00:   syscall: 'open',
2025-10-17 17:23:00 +07:00:   path: '/Users/congtrinh/fullconphung-main/conphung/.next/prerender-manifest.json'
2025-10-17 17:23:00 +07:00: }
2025-10-17 17:23:00 +07:00: Error: ENOENT: no such file or directory, open '/Users/congtrinh/fullconphung-main/conphung/.next/prerender-manifest.json'
2025-10-17 17:23:00 +07:00:     at async open (node:internal/fs/promises:641:25)
2025-10-17 17:23:00 +07:00:     at async Object.readFile (node:internal/fs/promises:1245:14)
2025-10-17 17:23:00 +07:00:     at async setupFsCheck (/Users/congtrinh/fullconphung-main/conphung/node_modules/next/dist/server/lib/router-utils/filesystem.js:188:40)
2025-10-17 17:23:00 +07:00:     at async initialize (/Users/congtrinh/fullconphung-main/conphung/node_modules/next/dist/server/lib/router-server.js:64:23)
2025-10-17 17:23:00 +07:00:     at async Server.<anonymous> (/Users/congtrinh/fullconphung-main/conphung/node_modules/next/dist/server/lib/start-server.js:249:36) {
2025-10-17 17:23:00 +07:00:   errno: -2,
2025-10-17 17:23:00 +07:00:   code: 'ENOENT',
2025-10-17 17:23:00 +07:00:   syscall: 'open',
2025-10-17 17:23:00 +07:00:   path: '/Users/congtrinh/fullconphung-main/conphung/.next/prerender-manifest.json'
2025-10-17 17:23:00 +07:00: }
2025-10-17 17:23:00 +07:00: Error: ENOENT: no such file or directory, open '/Users/congtrinh/fullconphung-main/conphung/.next/prerender-manifest.json'
2025-10-17 17:23:00 +07:00:     at async open (node:internal/fs/promises:641:25)
2025-10-17 17:23:00 +07:00:     at async Object.readFile (node:internal/fs/promises:1245:14)
2025-10-17 17:23:00 +07:00:     at async setupFsCheck (/Users/congtrinh/fullconphung-main/conphung/node_modules/next/dist/server/lib/router-utils/filesystem.js:188:40)
2025-10-17 17:23:00 +07:00:     at async initialize (/Users/congtrinh/fullconphung-main/conphung/node_modules/next/dist/server/lib/router-server.js:64:23)
2025-10-17 17:23:00 +07:00:     at async Server.<anonymous> (/Users/congtrinh/fullconphung-main/conphung/node_modules/next/dist/server/lib/start-server.js:249:36) {
2025-10-17 17:23:00 +07:00:   errno: -2,
2025-10-17 17:23:00 +07:00:   code: 'ENOENT',
2025-10-17 17:23:00 +07:00:   syscall: 'open',
2025-10-17 17:23:00 +07:00:   path: '/Users/congtrinh/fullconphung-main/conphung/.next/prerender-manifest.json'
2025-10-17 17:23:00 +07:00: }
2025-10-17 17:23:00 +07:00: Error: ENOENT: no such file or directory, open '/Users/congtrinh/fullconphung-main/conphung/.next/prerender-manifest.json'
2025-10-17 17:23:00 +07:00:     at async open (node:internal/fs/promises:641:25)
2025-10-17 17:23:00 +07:00:     at async Object.readFile (node:internal/fs/promises:1245:14)
2025-10-17 17:23:00 +07:00:     at async setupFsCheck (/Users/congtrinh/fullconphung-main/conphung/node_modules/next/dist/server/lib/router-utils/filesystem.js:188:40)
2025-10-17 17:23:00 +07:00:     at async initialize (/Users/congtrinh/fullconphung-main/conphung/node_modules/next/dist/server/lib/router-server.js:64:23)
2025-10-17 17:23:00 +07:00:     at async Server.<anonymous> (/Users/congtrinh/fullconphung-main/conphung/node_modules/next/dist/server/lib/start-server.js:249:36) {
2025-10-17 17:23:00 +07:00:   errno: -2,
2025-10-17 17:23:00 +07:00:   code: 'ENOENT',
2025-10-17 17:23:00 +07:00:   syscall: 'open',
2025-10-17 17:23:00 +07:00:   path: '/Users/congtrinh/fullconphung-main/conphung/.next/prerender-manifest.json'
2025-10-17 17:23:00 +07:00: }
2025-10-17 17:23:00 +07:00: Error: ENOENT: no such file or directory, open '/Users/congtrinh/fullconphung-main/conphung/.next/prerender-manifest.json'
2025-10-17 17:23:00 +07:00:     at async open (node:internal/fs/promises:641:25)
2025-10-17 17:23:00 +07:00:     at async Object.readFile (node:internal/fs/promises:1245:14)
2025-10-17 17:23:00 +07:00:     at async setupFsCheck (/Users/congtrinh/fullconphung-main/conphung/node_modules/next/dist/server/lib/router-utils/filesystem.js:188:40)
2025-10-17 17:23:00 +07:00:     at async initialize (/Users/congtrinh/fullconphung-main/conphung/node_modules/next/dist/server/lib/router-server.js:64:23)
2025-10-17 17:23:00 +07:00:     at async Server.<anonymous> (/Users/congtrinh/fullconphung-main/conphung/node_modules/next/dist/server/lib/start-server.js:249:36) {
2025-10-17 17:23:00 +07:00:   errno: -2,
2025-10-17 17:23:00 +07:00:   code: 'ENOENT',
2025-10-17 17:23:00 +07:00:   syscall: 'open',
2025-10-17 17:23:00 +07:00:   path: '/Users/congtrinh/fullconphung-main/conphung/.next/prerender-manifest.json'
2025-10-17 17:23:00 +07:00: }
2025-10-17 17:23:01 +07:00: Error: ENOENT: no such file or directory, open '/Users/congtrinh/fullconphung-main/conphung/.next/prerender-manifest.json'
2025-10-17 17:23:01 +07:00:     at async open (node:internal/fs/promises:641:25)
2025-10-17 17:23:01 +07:00:     at async Object.readFile (node:internal/fs/promises:1245:14)
2025-10-17 17:23:01 +07:00:     at async setupFsCheck (/Users/congtrinh/fullconphung-main/conphung/node_modules/next/dist/server/lib/router-utils/filesystem.js:188:40)
2025-10-17 17:23:01 +07:00:     at async initialize (/Users/congtrinh/fullconphung-main/conphung/node_modules/next/dist/server/lib/router-server.js:64:23)
2025-10-17 17:23:01 +07:00:     at async Server.<anonymous> (/Users/congtrinh/fullconphung-main/conphung/node_modules/next/dist/server/lib/start-server.js:249:36) {
2025-10-17 17:23:01 +07:00:   errno: -2,
2025-10-17 17:23:01 +07:00:   code: 'ENOENT',
2025-10-17 17:23:01 +07:00:   syscall: 'open',
2025-10-17 17:23:01 +07:00:   path: '/Users/congtrinh/fullconphung-main/conphung/.next/prerender-manifest.json'
2025-10-17 17:23:01 +07:00: }
2025-10-17 17:23:01 +07:00: Error: ENOENT: no such file or directory, open '/Users/congtrinh/fullconphung-main/conphung/.next/prerender-manifest.json'
2025-10-17 17:23:01 +07:00:     at async open (node:internal/fs/promises:641:25)
2025-10-17 17:23:01 +07:00:     at async Object.readFile (node:internal/fs/promises:1245:14)
2025-10-17 17:23:01 +07:00:     at async setupFsCheck (/Users/congtrinh/fullconphung-main/conphung/node_modules/next/dist/server/lib/router-utils/filesystem.js:188:40)
2025-10-17 17:23:01 +07:00:     at async initialize (/Users/congtrinh/fullconphung-main/conphung/node_modules/next/dist/server/lib/router-server.js:64:23)
2025-10-17 17:23:01 +07:00:     at async Server.<anonymous> (/Users/congtrinh/fullconphung-main/conphung/node_modules/next/dist/server/lib/start-server.js:249:36) {
2025-10-17 17:23:01 +07:00:   errno: -2,
2025-10-17 17:23:01 +07:00:   code: 'ENOENT',
2025-10-17 17:23:01 +07:00:   syscall: 'open',
2025-10-17 17:23:01 +07:00:   path: '/Users/congtrinh/fullconphung-main/conphung/.next/prerender-manifest.json'
2025-10-17 17:23:01 +07:00: }
2025-10-17 17:23:01 +07:00: Error: ENOENT: no such file or directory, open '/Users/congtrinh/fullconphung-main/conphung/.next/prerender-manifest.json'
2025-10-17 17:23:01 +07:00:     at async open (node:internal/fs/promises:641:25)
2025-10-17 17:23:01 +07:00:     at async Object.readFile (node:internal/fs/promises:1245:14)
2025-10-17 17:23:01 +07:00:     at async setupFsCheck (/Users/congtrinh/fullconphung-main/conphung/node_modules/next/dist/server/lib/router-utils/filesystem.js:188:40)
2025-10-17 17:23:01 +07:00:     at async initialize (/Users/congtrinh/fullconphung-main/conphung/node_modules/next/dist/server/lib/router-server.js:64:23)
2025-10-17 17:23:01 +07:00:     at async Server.<anonymous> (/Users/congtrinh/fullconphung-main/conphung/node_modules/next/dist/server/lib/start-server.js:249:36) {
2025-10-17 17:23:01 +07:00:   errno: -2,
2025-10-17 17:23:01 +07:00:   code: 'ENOENT',
2025-10-17 17:23:01 +07:00:   syscall: 'open',
2025-10-17 17:23:01 +07:00:   path: '/Users/congtrinh/fullconphung-main/conphung/.next/prerender-manifest.json'
2025-10-17 17:23:01 +07:00: }
2025-10-17 17:23:01 +07:00: Error: ENOENT: no such file or directory, open '/Users/congtrinh/fullconphung-main/conphung/.next/prerender-manifest.json'
2025-10-17 17:23:01 +07:00:     at async open (node:internal/fs/promises:641:25)
2025-10-17 17:23:01 +07:00:     at async Object.readFile (node:internal/fs/promises:1245:14)
2025-10-17 17:23:01 +07:00:     at async setupFsCheck (/Users/congtrinh/fullconphung-main/conphung/node_modules/next/dist/server/lib/router-utils/filesystem.js:188:40)
2025-10-17 17:23:01 +07:00:     at async initialize (/Users/congtrinh/fullconphung-main/conphung/node_modules/next/dist/server/lib/router-server.js:64:23)
2025-10-17 17:23:01 +07:00:     at async Server.<anonymous> (/Users/congtrinh/fullconphung-main/conphung/node_modules/next/dist/server/lib/start-server.js:249:36) {
2025-10-17 17:23:01 +07:00:   errno: -2,
2025-10-17 17:23:01 +07:00:   code: 'ENOENT',
2025-10-17 17:23:01 +07:00:   syscall: 'open',
2025-10-17 17:23:01 +07:00:   path: '/Users/congtrinh/fullconphung-main/conphung/.next/prerender-manifest.json'
2025-10-17 17:23:01 +07:00: }
2025-10-17 17:23:01 +07:00: Error: ENOENT: no such file or directory, open '/Users/congtrinh/fullconphung-main/conphung/.next/prerender-manifest.json'
2025-10-17 17:23:01 +07:00:     at async open (node:internal/fs/promises:641:25)
2025-10-17 17:23:01 +07:00:     at async Object.readFile (node:internal/fs/promises:1245:14)
2025-10-17 17:23:01 +07:00:     at async setupFsCheck (/Users/congtrinh/fullconphung-main/conphung/node_modules/next/dist/server/lib/router-utils/filesystem.js:188:40)
2025-10-17 17:23:01 +07:00:     at async initialize (/Users/congtrinh/fullconphung-main/conphung/node_modules/next/dist/server/lib/router-server.js:64:23)
2025-10-17 17:23:01 +07:00:     at async Server.<anonymous> (/Users/congtrinh/fullconphung-main/conphung/node_modules/next/dist/server/lib/start-server.js:249:36) {
2025-10-17 17:23:01 +07:00:   errno: -2,
2025-10-17 17:23:01 +07:00:   code: 'ENOENT',
2025-10-17 17:23:01 +07:00:   syscall: 'open',
2025-10-17 17:23:01 +07:00:   path: '/Users/congtrinh/fullconphung-main/conphung/.next/prerender-manifest.json'
2025-10-17 17:23:01 +07:00: }
2025-10-17 17:24:01 +07:00:  ⚠ You are using a non-standard "NODE_ENV" value in your environment. This creates inconsistencies in the project and is strongly advised against. Read more: https://nextjs.org/docs/messages/non-standard-node-env
2025-10-17 17:24:01 +07:00: Error: ENOENT: no such file or directory, open '/Users/congtrinh/fullconphung-main/conphung/.next/prerender-manifest.json'
2025-10-17 17:24:01 +07:00:     at async open (node:internal/fs/promises:641:25)
2025-10-17 17:24:01 +07:00:     at async Object.readFile (node:internal/fs/promises:1245:14)
2025-10-17 17:24:01 +07:00:     at async setupFsCheck (/Users/congtrinh/fullconphung-main/conphung/node_modules/next/dist/server/lib/router-utils/filesystem.js:188:40)
2025-10-17 17:24:01 +07:00:     at async initialize (/Users/congtrinh/fullconphung-main/conphung/node_modules/next/dist/server/lib/router-server.js:64:23)
2025-10-17 17:24:01 +07:00:     at async Server.<anonymous> (/Users/congtrinh/fullconphung-main/conphung/node_modules/next/dist/server/lib/start-server.js:249:36) {
2025-10-17 17:24:01 +07:00:   errno: -2,
2025-10-17 17:24:01 +07:00:   code: 'ENOENT',
2025-10-17 17:24:01 +07:00:   syscall: 'open',
2025-10-17 17:24:01 +07:00:   path: '/Users/congtrinh/fullconphung-main/conphung/.next/prerender-manifest.json'
2025-10-17 17:24:01 +07:00: }
2025-10-17 17:24:01 +07:00:  ⚠ You are using a non-standard "NODE_ENV" value in your environment. This creates inconsistencies in the project and is strongly advised against. Read more: https://nextjs.org/docs/messages/non-standard-node-env
2025-10-17 17:24:01 +07:00: Error: ENOENT: no such file or directory, open '/Users/congtrinh/fullconphung-main/conphung/.next/prerender-manifest.json'
2025-10-17 17:24:01 +07:00:     at async open (node:internal/fs/promises:641:25)
2025-10-17 17:24:01 +07:00:     at async Object.readFile (node:internal/fs/promises:1245:14)
2025-10-17 17:24:01 +07:00:     at async setupFsCheck (/Users/congtrinh/fullconphung-main/conphung/node_modules/next/dist/server/lib/router-utils/filesystem.js:188:40)
2025-10-17 17:24:01 +07:00:     at async initialize (/Users/congtrinh/fullconphung-main/conphung/node_modules/next/dist/server/lib/router-server.js:64:23)
2025-10-17 17:24:01 +07:00:     at async Server.<anonymous> (/Users/congtrinh/fullconphung-main/conphung/node_modules/next/dist/server/lib/start-server.js:249:36) {
2025-10-17 17:24:01 +07:00:   errno: -2,
2025-10-17 17:24:01 +07:00:   code: 'ENOENT',
2025-10-17 17:24:01 +07:00:   syscall: 'open',
2025-10-17 17:24:01 +07:00:   path: '/Users/congtrinh/fullconphung-main/conphung/.next/prerender-manifest.json'
2025-10-17 17:24:01 +07:00: }
2025-10-17 17:24:01 +07:00:  ⚠ You are using a non-standard "NODE_ENV" value in your environment. This creates inconsistencies in the project and is strongly advised against. Read more: https://nextjs.org/docs/messages/non-standard-node-env
2025-10-17 17:24:01 +07:00: Error: ENOENT: no such file or directory, open '/Users/congtrinh/fullconphung-main/conphung/.next/prerender-manifest.json'
2025-10-17 17:24:01 +07:00:     at async open (node:internal/fs/promises:641:25)
2025-10-17 17:24:01 +07:00:     at async Object.readFile (node:internal/fs/promises:1245:14)
2025-10-17 17:24:01 +07:00:     at async setupFsCheck (/Users/congtrinh/fullconphung-main/conphung/node_modules/next/dist/server/lib/router-utils/filesystem.js:188:40)
2025-10-17 17:24:01 +07:00:     at async initialize (/Users/congtrinh/fullconphung-main/conphung/node_modules/next/dist/server/lib/router-server.js:64:23)
2025-10-17 17:24:01 +07:00:     at async Server.<anonymous> (/Users/congtrinh/fullconphung-main/conphung/node_modules/next/dist/server/lib/start-server.js:249:36) {
2025-10-17 17:24:01 +07:00:   errno: -2,
2025-10-17 17:24:01 +07:00:   code: 'ENOENT',
2025-10-17 17:24:01 +07:00:   syscall: 'open',
2025-10-17 17:24:01 +07:00:   path: '/Users/congtrinh/fullconphung-main/conphung/.next/prerender-manifest.json'
2025-10-17 17:24:01 +07:00: }
2025-10-17 17:24:01 +07:00:  ⚠ You are using a non-standard "NODE_ENV" value in your environment. This creates inconsistencies in the project and is strongly advised against. Read more: https://nextjs.org/docs/messages/non-standard-node-env
2025-10-17 17:24:01 +07:00: Error: ENOENT: no such file or directory, open '/Users/congtrinh/fullconphung-main/conphung/.next/prerender-manifest.json'
2025-10-17 17:24:01 +07:00:     at async open (node:internal/fs/promises:641:25)
2025-10-17 17:24:01 +07:00:     at async Object.readFile (node:internal/fs/promises:1245:14)
2025-10-17 17:24:01 +07:00:     at async setupFsCheck (/Users/congtrinh/fullconphung-main/conphung/node_modules/next/dist/server/lib/router-utils/filesystem.js:188:40)
2025-10-17 17:24:01 +07:00:     at async initialize (/Users/congtrinh/fullconphung-main/conphung/node_modules/next/dist/server/lib/router-server.js:64:23)
2025-10-17 17:24:01 +07:00:     at async Server.<anonymous> (/Users/congtrinh/fullconphung-main/conphung/node_modules/next/dist/server/lib/start-server.js:249:36) {
2025-10-17 17:24:01 +07:00:   errno: -2,
2025-10-17 17:24:01 +07:00:   code: 'ENOENT',
2025-10-17 17:24:01 +07:00:   syscall: 'open',
2025-10-17 17:24:01 +07:00:   path: '/Users/congtrinh/fullconphung-main/conphung/.next/prerender-manifest.json'
2025-10-17 17:24:01 +07:00: }
2025-10-17 17:24:01 +07:00:  ⚠ You are using a non-standard "NODE_ENV" value in your environment. This creates inconsistencies in the project and is strongly advised against. Read more: https://nextjs.org/docs/messages/non-standard-node-env
2025-10-17 17:24:02 +07:00: Error: ENOENT: no such file or directory, open '/Users/congtrinh/fullconphung-main/conphung/.next/prerender-manifest.json'
2025-10-17 17:24:02 +07:00:     at async open (node:internal/fs/promises:641:25)
2025-10-17 17:24:02 +07:00:     at async Object.readFile (node:internal/fs/promises:1245:14)
2025-10-17 17:24:02 +07:00:     at async setupFsCheck (/Users/congtrinh/fullconphung-main/conphung/node_modules/next/dist/server/lib/router-utils/filesystem.js:188:40)
2025-10-17 17:24:02 +07:00:     at async initialize (/Users/congtrinh/fullconphung-main/conphung/node_modules/next/dist/server/lib/router-server.js:64:23)
2025-10-17 17:24:02 +07:00:     at async Server.<anonymous> (/Users/congtrinh/fullconphung-main/conphung/node_modules/next/dist/server/lib/start-server.js:249:36) {
2025-10-17 17:24:02 +07:00:   errno: -2,
2025-10-17 17:24:02 +07:00:   code: 'ENOENT',
2025-10-17 17:24:02 +07:00:   syscall: 'open',
2025-10-17 17:24:02 +07:00:   path: '/Users/congtrinh/fullconphung-main/conphung/.next/prerender-manifest.json'
2025-10-17 17:24:02 +07:00: }
2025-10-17 17:24:02 +07:00:  ⚠ You are using a non-standard "NODE_ENV" value in your environment. This creates inconsistencies in the project and is strongly advised against. Read more: https://nextjs.org/docs/messages/non-standard-node-env
2025-10-17 17:24:02 +07:00: Error: ENOENT: no such file or directory, open '/Users/congtrinh/fullconphung-main/conphung/.next/prerender-manifest.json'
2025-10-17 17:24:02 +07:00:     at async open (node:internal/fs/promises:641:25)
2025-10-17 17:24:02 +07:00:     at async Object.readFile (node:internal/fs/promises:1245:14)
2025-10-17 17:24:02 +07:00:     at async setupFsCheck (/Users/congtrinh/fullconphung-main/conphung/node_modules/next/dist/server/lib/router-utils/filesystem.js:188:40)
2025-10-17 17:24:02 +07:00:     at async initialize (/Users/congtrinh/fullconphung-main/conphung/node_modules/next/dist/server/lib/router-server.js:64:23)
2025-10-17 17:24:02 +07:00:     at async Server.<anonymous> (/Users/congtrinh/fullconphung-main/conphung/node_modules/next/dist/server/lib/start-server.js:249:36) {
2025-10-17 17:24:02 +07:00:   errno: -2,
2025-10-17 17:24:02 +07:00:   code: 'ENOENT',
2025-10-17 17:24:02 +07:00:   syscall: 'open',
2025-10-17 17:24:02 +07:00:   path: '/Users/congtrinh/fullconphung-main/conphung/.next/prerender-manifest.json'
2025-10-17 17:24:02 +07:00: }
2025-10-17 17:24:02 +07:00:  ⚠ You are using a non-standard "NODE_ENV" value in your environment. This creates inconsistencies in the project and is strongly advised against. Read more: https://nextjs.org/docs/messages/non-standard-node-env
2025-10-17 17:24:02 +07:00: Error: ENOENT: no such file or directory, open '/Users/congtrinh/fullconphung-main/conphung/.next/prerender-manifest.json'
2025-10-17 17:24:02 +07:00:     at async open (node:internal/fs/promises:641:25)
2025-10-17 17:24:02 +07:00:     at async Object.readFile (node:internal/fs/promises:1245:14)
2025-10-17 17:24:02 +07:00:     at async setupFsCheck (/Users/congtrinh/fullconphung-main/conphung/node_modules/next/dist/server/lib/router-utils/filesystem.js:188:40)
2025-10-17 17:24:02 +07:00:     at async initialize (/Users/congtrinh/fullconphung-main/conphung/node_modules/next/dist/server/lib/router-server.js:64:23)
2025-10-17 17:24:02 +07:00:     at async Server.<anonymous> (/Users/congtrinh/fullconphung-main/conphung/node_modules/next/dist/server/lib/start-server.js:249:36) {
2025-10-17 17:24:02 +07:00:   errno: -2,
2025-10-17 17:24:02 +07:00:   code: 'ENOENT',
2025-10-17 17:24:02 +07:00:   syscall: 'open',
2025-10-17 17:24:02 +07:00:   path: '/Users/congtrinh/fullconphung-main/conphung/.next/prerender-manifest.json'
2025-10-17 17:24:02 +07:00: }
2025-10-17 17:24:02 +07:00:  ⚠ You are using a non-standard "NODE_ENV" value in your environment. This creates inconsistencies in the project and is strongly advised against. Read more: https://nextjs.org/docs/messages/non-standard-node-env
2025-10-17 17:24:02 +07:00: Error: ENOENT: no such file or directory, open '/Users/congtrinh/fullconphung-main/conphung/.next/prerender-manifest.json'
2025-10-17 17:24:02 +07:00:     at async open (node:internal/fs/promises:641:25)
2025-10-17 17:24:02 +07:00:     at async Object.readFile (node:internal/fs/promises:1245:14)
2025-10-17 17:24:02 +07:00:     at async setupFsCheck (/Users/congtrinh/fullconphung-main/conphung/node_modules/next/dist/server/lib/router-utils/filesystem.js:188:40)
2025-10-17 17:24:02 +07:00:     at async initialize (/Users/congtrinh/fullconphung-main/conphung/node_modules/next/dist/server/lib/router-server.js:64:23)
2025-10-17 17:24:02 +07:00:     at async Server.<anonymous> (/Users/congtrinh/fullconphung-main/conphung/node_modules/next/dist/server/lib/start-server.js:249:36) {
2025-10-17 17:24:02 +07:00:   errno: -2,
2025-10-17 17:24:02 +07:00:   code: 'ENOENT',
2025-10-17 17:24:02 +07:00:   syscall: 'open',
2025-10-17 17:24:02 +07:00:   path: '/Users/congtrinh/fullconphung-main/conphung/.next/prerender-manifest.json'
2025-10-17 17:24:02 +07:00: }
2025-10-17 17:24:02 +07:00:  ⚠ You are using a non-standard "NODE_ENV" value in your environment. This creates inconsistencies in the project and is strongly advised against. Read more: https://nextjs.org/docs/messages/non-standard-node-env
2025-10-17 17:24:02 +07:00: Error: ENOENT: no such file or directory, open '/Users/congtrinh/fullconphung-main/conphung/.next/prerender-manifest.json'
2025-10-17 17:24:02 +07:00:     at async open (node:internal/fs/promises:641:25)
2025-10-17 17:24:02 +07:00:     at async Object.readFile (node:internal/fs/promises:1245:14)
2025-10-17 17:24:02 +07:00:     at async setupFsCheck (/Users/congtrinh/fullconphung-main/conphung/node_modules/next/dist/server/lib/router-utils/filesystem.js:188:40)
2025-10-17 17:24:02 +07:00:     at async initialize (/Users/congtrinh/fullconphung-main/conphung/node_modules/next/dist/server/lib/router-server.js:64:23)
2025-10-17 17:24:02 +07:00:     at async Server.<anonymous> (/Users/congtrinh/fullconphung-main/conphung/node_modules/next/dist/server/lib/start-server.js:249:36) {
2025-10-17 17:24:02 +07:00:   errno: -2,
2025-10-17 17:24:02 +07:00:   code: 'ENOENT',
2025-10-17 17:24:02 +07:00:   syscall: 'open',
2025-10-17 17:24:02 +07:00:   path: '/Users/congtrinh/fullconphung-main/conphung/.next/prerender-manifest.json'
2025-10-17 17:24:02 +07:00: }
2025-10-17 17:24:02 +07:00:  ⚠ You are using a non-standard "NODE_ENV" value in your environment. This creates inconsistencies in the project and is strongly advised against. Read more: https://nextjs.org/docs/messages/non-standard-node-env
2025-10-17 17:24:02 +07:00: Error: ENOENT: no such file or directory, open '/Users/congtrinh/fullconphung-main/conphung/.next/prerender-manifest.json'
2025-10-17 17:24:02 +07:00:     at async open (node:internal/fs/promises:641:25)
2025-10-17 17:24:02 +07:00:     at async Object.readFile (node:internal/fs/promises:1245:14)
2025-10-17 17:24:02 +07:00:     at async setupFsCheck (/Users/congtrinh/fullconphung-main/conphung/node_modules/next/dist/server/lib/router-utils/filesystem.js:188:40)
2025-10-17 17:24:02 +07:00:     at async initialize (/Users/congtrinh/fullconphung-main/conphung/node_modules/next/dist/server/lib/router-server.js:64:23)
2025-10-17 17:24:02 +07:00:     at async Server.<anonymous> (/Users/congtrinh/fullconphung-main/conphung/node_modules/next/dist/server/lib/start-server.js:249:36) {
2025-10-17 17:24:02 +07:00:   errno: -2,
2025-10-17 17:24:02 +07:00:   code: 'ENOENT',
2025-10-17 17:24:02 +07:00:   syscall: 'open',
2025-10-17 17:24:02 +07:00:   path: '/Users/congtrinh/fullconphung-main/conphung/.next/prerender-manifest.json'
2025-10-17 17:24:02 +07:00: }
